   0  $accept : %entry% $end

   1  primary_expression : identifier
   2                     | constant
   3                     | string_literal
   4                     | OPEN_PAREN_CHR expression CLOSE_PAREN_CHR

   5  constant : CONSTANT

   6  identifier : IDENTIFIER

   7  open_brace : OPEN_BRACE_CHR

   8  close_brace : CLOSE_BRACE_CHR

   9  string_literal : STRING_LITERAL
  10                 | STRING_LITERAL string_literal

  11  inc_op : INC_OP

  12  dec_op : DEC_OP

  13  postfix_expression : primary_expression
  14                     | postfix_expression OPEN_BRACKET_CHR expression close_bracket
  15                     | identifier OPEN_PAREN_CHR close_paren
  16                     | identifier OPEN_PAREN_CHR argument_expression_list close_paren
  17                     | postfix_expression inc_op
  18                     | postfix_expression dec_op

  19  argument_expression_list : assignment_expression
  20                           | argument_expression_list COMMA_CHR assignment_expression

  21  unary_expression : postfix_expression
  22                   | inc_op unary_expression
  23                   | dec_op unary_expression
  24                   | unary_operator cast_expression

  25  unary_operator : add_chr
  26                 | sub_chr
  27                 | bang_chr
  28                 | tilde_chr

  29  add_chr : ADD_CHR

  30  sub_chr : SUB_CHR

  31  bang_chr : BANG_CHR

  32  tilde_chr : TILDE_CHR

  33  close_paren : CLOSE_PAREN_CHR

  34  cast_expression : unary_expression

  35  multiplicative_expression : cast_expression
  36                            | multiplicative_expression STAR_CHR cast_expression
  37                            | multiplicative_expression DIV_CHR cast_expression
  38                            | multiplicative_expression MOD_CHR cast_expression

  39  additive_expression : multiplicative_expression
  40                      | additive_expression ADD_CHR multiplicative_expression
  41                      | additive_expression SUB_CHR multiplicative_expression

  42  shift_expression : additive_expression

  43  relational_expression : shift_expression
  44                        | relational_expression OPEN_ANGLE_CHR shift_expression
  45                        | relational_expression CLOSE_ANGLE_CHR shift_expression
  46                        | relational_expression LE_OP shift_expression
  47                        | relational_expression GE_OP shift_expression

  48  equality_expression : relational_expression
  49                      | equality_expression EQ_OP relational_expression
  50                      | equality_expression NE_OP relational_expression

  51  and_expression : equality_expression

  52  exclusive_or_expression : and_expression

  53  inclusive_or_expression : exclusive_or_expression

  54  logical_and_expression : inclusive_or_expression
  55                         | logical_and_expression AND_OP inclusive_or_expression

  56  logical_or_expression : logical_and_expression
  57                        | logical_or_expression OR_OP logical_and_expression

  58  conditional_expression : logical_or_expression
  59                         | logical_or_expression QUES_CHR expression COLON_CHR conditional_expression

  60  assignment_expression : conditional_expression
  61                        | unary_expression EQ_CHR assignment_expression

  62  expression : assignment_expression
  63             | expression COMMA_CHR assignment_expression

  64  declaration : type_specifier optional_init_declarator_list SEMI_CHR

  65  optional_init_declarator_list :
  66                                | init_declarator_list

  67  init_declarator_list : init_declarator
  68                       | init_declarator_list COMMA_CHR init_declarator

  69  init_declarator : declarator

  70  declarator : identifier

  71  type_specifier : INTEGER
  72                 | CHAR STAR_CHR
  73                 | type_specifier STAR_CHR

  74  close_bracket : CLOSE_BRACKET_CHR

  75  statement : compound_statement
  76            | expression_statement
  77            | selection_statement
  78            | iteration_statement
  79            | jump_statement
  80            | throw_statement
  81            | try_statement

  82  open_block : open_brace

  83  close_block : close_brace

  84  compound_statement : open_block close_block
  85                     | open_block statement_list close_block
  86                     | open_block declaration_list close_block
  87                     | open_block declaration_list statement_list close_block

  88  declaration_list : declaration
  89                   | declaration_list declaration

  90  statement_list : statement
  91                 | statement_list statement

  92  expression_statement : semi_chr
  93                       | expression SEMI_CHR

  94  semi_chr : SEMI_CHR

  95  ifkw : IF

  96  selection_statement : ifkw OPEN_PAREN_CHR expression CLOSE_PAREN_CHR statement
  97                      | ifkw OPEN_PAREN_CHR expression CLOSE_PAREN_CHR statement ELSE statement

  98  trykw : TRY

  99  catch : CATCH

 100  finally : FINALLY

 101  catch_clause : catch OPEN_PAREN_CHR identifier identifier CLOSE_PAREN_CHR compound_statement

 102  catch_list : catch_clause
 103             | catch_list catch_clause

 104  default_catch_list : catch_list
 105                     | catch_list finally compound_statement
 106                     | finally compound_statement

 107  try_statement : trykw compound_statement default_catch_list

 108  whilekw : WHILE

 109  forkw : FOR

 110  iteration_statement : whilekw OPEN_PAREN_CHR expression close_paren statement
 111                      | forkw OPEN_PAREN_CHR expression_statement expression_statement close_paren statement
 112                      | forkw OPEN_PAREN_CHR expression_statement expression_statement expression close_paren statement

 113  return : RETURN

 114  jump_statement : return SEMI_CHR
 115                 | return expression SEMI_CHR

 116  throw : THROW

 117  throw_statement : throw identifier primary_expression

 118  translation_unit : external_declaration
 119                   | translation_unit external_declaration
 120                   | EOF

 121  external_declaration : function_definition
 122                       | declaration

 123  parameter_declaration : type_specifier declarator

 124  parameter_list : parameter_declaration
 125                 | parameter_list COMMA_CHR parameter_declaration

 126  parameter_type_list : parameter_list
 127                      | parameter_list COMMA_CHR ELLIPSIS

 128  parameter_declarator : OPEN_PAREN_CHR CLOSE_PAREN_CHR
 129                       | OPEN_PAREN_CHR parameter_type_list CLOSE_PAREN_CHR

 130  function_declarator : type_specifier identifier parameter_declarator

 131  function_definition : function_declarator compound_statement

 132  %entry% : '\001' translation_unit

state 0
	$accept : . %entry% $end  (0)

	'\001'  shift 1
	.  error

	%entry%  goto 2


state 1
	%entry% : '\001' . translation_unit  (132)

	CHAR  shift 3
	INTEGER  shift 4
	EOF  shift 5
	.  error

	translation_unit  goto 6
	declaration  goto 7
	type_specifier  goto 8
	external_declaration  goto 9
	function_definition  goto 10
	function_declarator  goto 11


state 2
	$accept : %entry% . $end  (0)

	$end  accept


state 3
	type_specifier : CHAR . STAR_CHR  (72)

	STAR_CHR  shift 12
	.  error


state 4
	type_specifier : INTEGER .  (71)

	.  reduce 71


state 5
	translation_unit : EOF .  (120)

	.  reduce 120


state 6
	translation_unit : translation_unit . external_declaration  (119)
	%entry% : '\001' translation_unit .  (132)

	CHAR  shift 3
	INTEGER  shift 4
	$end  reduce 132

	declaration  goto 7
	type_specifier  goto 8
	external_declaration  goto 13
	function_definition  goto 10
	function_declarator  goto 11


state 7
	external_declaration : declaration .  (122)

	.  reduce 122


state 8
	declaration : type_specifier . optional_init_declarator_list SEMI_CHR  (64)
	type_specifier : type_specifier . STAR_CHR  (73)
	function_declarator : type_specifier . identifier parameter_declarator  (130)
	optional_init_declarator_list : .  (65)

	IDENTIFIER  shift 14
	STAR_CHR  shift 15
	SEMI_CHR  reduce 65

	identifier  goto 16
	optional_init_declarator_list  goto 17
	init_declarator_list  goto 18
	init_declarator  goto 19
	declarator  goto 20


state 9
	translation_unit : external_declaration .  (118)

	.  reduce 118


state 10
	external_declaration : function_definition .  (121)

	.  reduce 121


state 11
	function_definition : function_declarator . compound_statement  (131)

	OPEN_BRACE_CHR  shift 21
	.  error

	open_brace  goto 22
	compound_statement  goto 23
	open_block  goto 24


state 12
	type_specifier : CHAR STAR_CHR .  (72)

	.  reduce 72


state 13
	translation_unit : translation_unit external_declaration .  (119)

	.  reduce 119


state 14
	identifier : IDENTIFIER .  (6)

	.  reduce 6


state 15
	type_specifier : type_specifier STAR_CHR .  (73)

	.  reduce 73


state 16
	declarator : identifier .  (70)
	function_declarator : type_specifier identifier . parameter_declarator  (130)

	OPEN_PAREN_CHR  shift 25
	SEMI_CHR  reduce 70
	COMMA_CHR  reduce 70

	parameter_declarator  goto 26


state 17
	declaration : type_specifier optional_init_declarator_list . SEMI_CHR  (64)

	SEMI_CHR  shift 27
	.  error


state 18
	optional_init_declarator_list : init_declarator_list .  (66)
	init_declarator_list : init_declarator_list . COMMA_CHR init_declarator  (68)

	COMMA_CHR  shift 28
	SEMI_CHR  reduce 66


state 19
	init_declarator_list : init_declarator .  (67)

	.  reduce 67


state 20
	init_declarator : declarator .  (69)

	.  reduce 69


state 21
	open_brace : OPEN_BRACE_CHR .  (7)

	.  reduce 7


state 22
	open_block : open_brace .  (82)

	.  reduce 82


state 23
	function_definition : function_declarator compound_statement .  (131)

	.  reduce 131


state 24
	compound_statement : open_block . close_block  (84)
	compound_statement : open_block . statement_list close_block  (85)
	compound_statement : open_block . declaration_list close_block  (86)
	compound_statement : open_block . declaration_list statement_list close_block  (87)

	IDENTIFIER  shift 14
	CONSTANT  shift 29
	STRING_LITERAL  shift 30
	INC_OP  shift 31
	DEC_OP  shift 32
	SEMI_CHR  shift 33
	OPEN_BRACE_CHR  shift 21
	CLOSE_BRACE_CHR  shift 34
	OPEN_PAREN_CHR  shift 35
	BANG_CHR  shift 36
	TILDE_CHR  shift 37
	ADD_CHR  shift 38
	SUB_CHR  shift 39
	CHAR  shift 3
	INTEGER  shift 4
	IF  shift 40
	WHILE  shift 41
	FOR  shift 42
	RETURN  shift 43
	TRY  shift 44
	THROW  shift 45
	.  error

	primary_expression  goto 46
	identifier  goto 47
	constant  goto 48
	string_literal  goto 49
	expression  goto 50
	open_brace  goto 22
	close_brace  goto 51
	inc_op  goto 52
	dec_op  goto 53
	postfix_expression  goto 54
	assignment_expression  goto 55
	unary_expression  goto 56
	unary_operator  goto 57
	cast_expression  goto 58
	add_chr  goto 59
	sub_chr  goto 60
	bang_chr  goto 61
	tilde_chr  goto 62
	multiplicative_expression  goto 63
	additive_expression  goto 64
	shift_expression  goto 65
	relational_expression  goto 66
	equality_expression  goto 67
	and_expression  goto 68
	exclusive_or_expression  goto 69
	inclusive_or_expression  goto 70
	logical_and_expression  goto 71
	logical_or_expression  goto 72
	conditional_expression  goto 73
	declaration  goto 74
	type_specifier  goto 75
	statement  goto 76
	compound_statement  goto 77
	expression_statement  goto 78
	selection_statement  goto 79
	iteration_statement  goto 80
	jump_statement  goto 81
	throw_statement  goto 82
	try_statement  goto 83
	open_block  goto 24
	close_block  goto 84
	statement_list  goto 85
	declaration_list  goto 86
	semi_chr  goto 87
	ifkw  goto 88
	trykw  goto 89
	whilekw  goto 90
	forkw  goto 91
	return  goto 92
	throw  goto 93


state 25
	parameter_declarator : OPEN_PAREN_CHR . CLOSE_PAREN_CHR  (128)
	parameter_declarator : OPEN_PAREN_CHR . parameter_type_list CLOSE_PAREN_CHR  (129)

	CLOSE_PAREN_CHR  shift 94
	CHAR  shift 3
	INTEGER  shift 4
	.  error

	type_specifier  goto 95
	parameter_declaration  goto 96
	parameter_list  goto 97
	parameter_type_list  goto 98


state 26
	function_declarator : type_specifier identifier parameter_declarator .  (130)

	.  reduce 130


state 27
	declaration : type_specifier optional_init_declarator_list SEMI_CHR .  (64)

	.  reduce 64


state 28
	init_declarator_list : init_declarator_list COMMA_CHR . init_declarator  (68)

	IDENTIFIER  shift 14
	.  error

	identifier  goto 99
	init_declarator  goto 100
	declarator  goto 20


state 29
	constant : CONSTANT .  (5)

	.  reduce 5


30: shift/reduce conflict (shift 30, reduce 9) on STRING_LITERAL
state 30
	string_literal : STRING_LITERAL .  (9)
	string_literal : STRING_LITERAL . string_literal  (10)

	STRING_LITERAL  shift 30
	IDENTIFIER  reduce 9
	CONSTANT  reduce 9
	INC_OP  reduce 9
	DEC_OP  reduce 9
	LE_OP  reduce 9
	GE_OP  reduce 9
	EQ_OP  reduce 9
	NE_OP  reduce 9
	AND_OP  reduce 9
	OR_OP  reduce 9
	SEMI_CHR  reduce 9
	OPEN_BRACE_CHR  reduce 9
	CLOSE_BRACE_CHR  reduce 9
	COMMA_CHR  reduce 9
	COLON_CHR  reduce 9
	EQ_CHR  reduce 9
	OPEN_PAREN_CHR  reduce 9
	CLOSE_PAREN_CHR  reduce 9
	OPEN_BRACKET_CHR  reduce 9
	CLOSE_BRACKET_CHR  reduce 9
	BANG_CHR  reduce 9
	TILDE_CHR  reduce 9
	ADD_CHR  reduce 9
	SUB_CHR  reduce 9
	STAR_CHR  reduce 9
	DIV_CHR  reduce 9
	MOD_CHR  reduce 9
	OPEN_ANGLE_CHR  reduce 9
	CLOSE_ANGLE_CHR  reduce 9
	QUES_CHR  reduce 9
	IF  reduce 9
	ELSE  reduce 9
	WHILE  reduce 9
	FOR  reduce 9
	RETURN  reduce 9
	TRY  reduce 9
	THROW  reduce 9

	string_literal  goto 101


state 31
	inc_op : INC_OP .  (11)

	.  reduce 11


state 32
	dec_op : DEC_OP .  (12)

	.  reduce 12


state 33
	semi_chr : SEMI_CHR .  (94)

	.  reduce 94


state 34
	close_brace : CLOSE_BRACE_CHR .  (8)

	.  reduce 8


state 35
	primary_expression : OPEN_PAREN_CHR . expression CLOSE_PAREN_CHR  (4)

	IDENTIFIER  shift 14
	CONSTANT  shift 29
	STRING_LITERAL  shift 30
	INC_OP  shift 31
	DEC_OP  shift 32
	OPEN_PAREN_CHR  shift 35
	BANG_CHR  shift 36
	TILDE_CHR  shift 37
	ADD_CHR  shift 38
	SUB_CHR  shift 39
	.  error

	primary_expression  goto 46
	identifier  goto 47
	constant  goto 48
	string_literal  goto 49
	expression  goto 102
	inc_op  goto 52
	dec_op  goto 53
	postfix_expression  goto 54
	assignment_expression  goto 55
	unary_expression  goto 56
	unary_operator  goto 57
	cast_expression  goto 58
	add_chr  goto 59
	sub_chr  goto 60
	bang_chr  goto 61
	tilde_chr  goto 62
	multiplicative_expression  goto 63
	additive_expression  goto 64
	shift_expression  goto 65
	relational_expression  goto 66
	equality_expression  goto 67
	and_expression  goto 68
	exclusive_or_expression  goto 69
	inclusive_or_expression  goto 70
	logical_and_expression  goto 71
	logical_or_expression  goto 72
	conditional_expression  goto 73


state 36
	bang_chr : BANG_CHR .  (31)

	.  reduce 31


state 37
	tilde_chr : TILDE_CHR .  (32)

	.  reduce 32


state 38
	add_chr : ADD_CHR .  (29)

	.  reduce 29


state 39
	sub_chr : SUB_CHR .  (30)

	.  reduce 30


state 40
	ifkw : IF .  (95)

	.  reduce 95


state 41
	whilekw : WHILE .  (108)

	.  reduce 108


state 42
	forkw : FOR .  (109)

	.  reduce 109


state 43
	return : RETURN .  (113)

	.  reduce 113


state 44
	trykw : TRY .  (98)

	.  reduce 98


state 45
	throw : THROW .  (116)

	.  reduce 116


state 46
	postfix_expression : primary_expression .  (13)

	.  reduce 13


state 47
	primary_expression : identifier .  (1)
	postfix_expression : identifier . OPEN_PAREN_CHR close_paren  (15)
	postfix_expression : identifier . OPEN_PAREN_CHR argument_expression_list close_paren  (16)

	OPEN_PAREN_CHR  shift 103
	INC_OP  reduce 1
	DEC_OP  reduce 1
	LE_OP  reduce 1
	GE_OP  reduce 1
	EQ_OP  reduce 1
	NE_OP  reduce 1
	AND_OP  reduce 1
	OR_OP  reduce 1
	SEMI_CHR  reduce 1
	COMMA_CHR  reduce 1
	COLON_CHR  reduce 1
	EQ_CHR  reduce 1
	CLOSE_PAREN_CHR  reduce 1
	OPEN_BRACKET_CHR  reduce 1
	CLOSE_BRACKET_CHR  reduce 1
	ADD_CHR  reduce 1
	SUB_CHR  reduce 1
	STAR_CHR  reduce 1
	DIV_CHR  reduce 1
	MOD_CHR  reduce 1
	OPEN_ANGLE_CHR  reduce 1
	CLOSE_ANGLE_CHR  reduce 1
	QUES_CHR  reduce 1


state 48
	primary_expression : constant .  (2)

	.  reduce 2


state 49
	primary_expression : string_literal .  (3)

	.  reduce 3


state 50
	expression : expression . COMMA_CHR assignment_expression  (63)
	expression_statement : expression . SEMI_CHR  (93)

	SEMI_CHR  shift 104
	COMMA_CHR  shift 105
	.  error


state 51
	close_block : close_brace .  (83)

	.  reduce 83


state 52
	unary_expression : inc_op . unary_expression  (22)

	IDENTIFIER  shift 14
	CONSTANT  shift 29
	STRING_LITERAL  shift 30
	INC_OP  shift 31
	DEC_OP  shift 32
	OPEN_PAREN_CHR  shift 35
	BANG_CHR  shift 36
	TILDE_CHR  shift 37
	ADD_CHR  shift 38
	SUB_CHR  shift 39
	.  error

	primary_expression  goto 46
	identifier  goto 47
	constant  goto 48
	string_literal  goto 49
	inc_op  goto 52
	dec_op  goto 53
	postfix_expression  goto 54
	unary_expression  goto 106
	unary_operator  goto 57
	add_chr  goto 59
	sub_chr  goto 60
	bang_chr  goto 61
	tilde_chr  goto 62


state 53
	unary_expression : dec_op . unary_expression  (23)

	IDENTIFIER  shift 14
	CONSTANT  shift 29
	STRING_LITERAL  shift 30
	INC_OP  shift 31
	DEC_OP  shift 32
	OPEN_PAREN_CHR  shift 35
	BANG_CHR  shift 36
	TILDE_CHR  shift 37
	ADD_CHR  shift 38
	SUB_CHR  shift 39
	.  error

	primary_expression  goto 46
	identifier  goto 47
	constant  goto 48
	string_literal  goto 49
	inc_op  goto 52
	dec_op  goto 53
	postfix_expression  goto 54
	unary_expression  goto 107
	unary_operator  goto 57
	add_chr  goto 59
	sub_chr  goto 60
	bang_chr  goto 61
	tilde_chr  goto 62


state 54
	postfix_expression : postfix_expression . OPEN_BRACKET_CHR expression close_bracket  (14)
	postfix_expression : postfix_expression . inc_op  (17)
	postfix_expression : postfix_expression . dec_op  (18)
	unary_expression : postfix_expression .  (21)

	INC_OP  shift 31
	DEC_OP  shift 32
	OPEN_BRACKET_CHR  shift 108
	LE_OP  reduce 21
	GE_OP  reduce 21
	EQ_OP  reduce 21
	NE_OP  reduce 21
	AND_OP  reduce 21
	OR_OP  reduce 21
	SEMI_CHR  reduce 21
	COMMA_CHR  reduce 21
	COLON_CHR  reduce 21
	EQ_CHR  reduce 21
	CLOSE_PAREN_CHR  reduce 21
	CLOSE_BRACKET_CHR  reduce 21
	ADD_CHR  reduce 21
	SUB_CHR  reduce 21
	STAR_CHR  reduce 21
	DIV_CHR  reduce 21
	MOD_CHR  reduce 21
	OPEN_ANGLE_CHR  reduce 21
	CLOSE_ANGLE_CHR  reduce 21
	QUES_CHR  reduce 21

	inc_op  goto 109
	dec_op  goto 110


state 55
	expression : assignment_expression .  (62)

	.  reduce 62


state 56
	cast_expression : unary_expression .  (34)
	assignment_expression : unary_expression . EQ_CHR assignment_expression  (61)

	EQ_CHR  shift 111
	LE_OP  reduce 34
	GE_OP  reduce 34
	EQ_OP  reduce 34
	NE_OP  reduce 34
	AND_OP  reduce 34
	OR_OP  reduce 34
	SEMI_CHR  reduce 34
	COMMA_CHR  reduce 34
	COLON_CHR  reduce 34
	CLOSE_PAREN_CHR  reduce 34
	CLOSE_BRACKET_CHR  reduce 34
	ADD_CHR  reduce 34
	SUB_CHR  reduce 34
	STAR_CHR  reduce 34
	DIV_CHR  reduce 34
	MOD_CHR  reduce 34
	OPEN_ANGLE_CHR  reduce 34
	CLOSE_ANGLE_CHR  reduce 34
	QUES_CHR  reduce 34


state 57
	unary_expression : unary_operator . cast_expression  (24)

	IDENTIFIER  shift 14
	CONSTANT  shift 29
	STRING_LITERAL  shift 30
	INC_OP  shift 31
	DEC_OP  shift 32
	OPEN_PAREN_CHR  shift 35
	BANG_CHR  shift 36
	TILDE_CHR  shift 37
	ADD_CHR  shift 38
	SUB_CHR  shift 39
	.  error

	primary_expression  goto 46
	identifier  goto 47
	constant  goto 48
	string_literal  goto 49
	inc_op  goto 52
	dec_op  goto 53
	postfix_expression  goto 54
	unary_expression  goto 112
	unary_operator  goto 57
	cast_expression  goto 113
	add_chr  goto 59
	sub_chr  goto 60
	bang_chr  goto 61
	tilde_chr  goto 62


state 58
	multiplicative_expression : cast_expression .  (35)

	.  reduce 35


state 59
	unary_operator : add_chr .  (25)

	.  reduce 25


state 60
	unary_operator : sub_chr .  (26)

	.  reduce 26


state 61
	unary_operator : bang_chr .  (27)

	.  reduce 27


state 62
	unary_operator : tilde_chr .  (28)

	.  reduce 28


state 63
	multiplicative_expression : multiplicative_expression . STAR_CHR cast_expression  (36)
	multiplicative_expression : multiplicative_expression . DIV_CHR cast_expression  (37)
	multiplicative_expression : multiplicative_expression . MOD_CHR cast_expression  (38)
	additive_expression : multiplicative_expression .  (39)

	STAR_CHR  shift 114
	DIV_CHR  shift 115
	MOD_CHR  shift 116
	LE_OP  reduce 39
	GE_OP  reduce 39
	EQ_OP  reduce 39
	NE_OP  reduce 39
	AND_OP  reduce 39
	OR_OP  reduce 39
	SEMI_CHR  reduce 39
	COMMA_CHR  reduce 39
	COLON_CHR  reduce 39
	CLOSE_PAREN_CHR  reduce 39
	CLOSE_BRACKET_CHR  reduce 39
	ADD_CHR  reduce 39
	SUB_CHR  reduce 39
	OPEN_ANGLE_CHR  reduce 39
	CLOSE_ANGLE_CHR  reduce 39
	QUES_CHR  reduce 39


state 64
	additive_expression : additive_expression . ADD_CHR multiplicative_expression  (40)
	additive_expression : additive_expression . SUB_CHR multiplicative_expression  (41)
	shift_expression : additive_expression .  (42)

	ADD_CHR  shift 117
	SUB_CHR  shift 118
	LE_OP  reduce 42
	GE_OP  reduce 42
	EQ_OP  reduce 42
	NE_OP  reduce 42
	AND_OP  reduce 42
	OR_OP  reduce 42
	SEMI_CHR  reduce 42
	COMMA_CHR  reduce 42
	COLON_CHR  reduce 42
	CLOSE_PAREN_CHR  reduce 42
	CLOSE_BRACKET_CHR  reduce 42
	OPEN_ANGLE_CHR  reduce 42
	CLOSE_ANGLE_CHR  reduce 42
	QUES_CHR  reduce 42


state 65
	relational_expression : shift_expression .  (43)

	.  reduce 43


state 66
	relational_expression : relational_expression . OPEN_ANGLE_CHR shift_expression  (44)
	relational_expression : relational_expression . CLOSE_ANGLE_CHR shift_expression  (45)
	relational_expression : relational_expression . LE_OP shift_expression  (46)
	relational_expression : relational_expression . GE_OP shift_expression  (47)
	equality_expression : relational_expression .  (48)

	LE_OP  shift 119
	GE_OP  shift 120
	OPEN_ANGLE_CHR  shift 121
	CLOSE_ANGLE_CHR  shift 122
	EQ_OP  reduce 48
	NE_OP  reduce 48
	AND_OP  reduce 48
	OR_OP  reduce 48
	SEMI_CHR  reduce 48
	COMMA_CHR  reduce 48
	COLON_CHR  reduce 48
	CLOSE_PAREN_CHR  reduce 48
	CLOSE_BRACKET_CHR  reduce 48
	QUES_CHR  reduce 48


state 67
	equality_expression : equality_expression . EQ_OP relational_expression  (49)
	equality_expression : equality_expression . NE_OP relational_expression  (50)
	and_expression : equality_expression .  (51)

	EQ_OP  shift 123
	NE_OP  shift 124
	AND_OP  reduce 51
	OR_OP  reduce 51
	SEMI_CHR  reduce 51
	COMMA_CHR  reduce 51
	COLON_CHR  reduce 51
	CLOSE_PAREN_CHR  reduce 51
	CLOSE_BRACKET_CHR  reduce 51
	QUES_CHR  reduce 51


state 68
	exclusive_or_expression : and_expression .  (52)

	.  reduce 52


state 69
	inclusive_or_expression : exclusive_or_expression .  (53)

	.  reduce 53


state 70
	logical_and_expression : inclusive_or_expression .  (54)

	.  reduce 54


state 71
	logical_and_expression : logical_and_expression . AND_OP inclusive_or_expression  (55)
	logical_or_expression : logical_and_expression .  (56)

	AND_OP  shift 125
	OR_OP  reduce 56
	SEMI_CHR  reduce 56
	COMMA_CHR  reduce 56
	COLON_CHR  reduce 56
	CLOSE_PAREN_CHR  reduce 56
	CLOSE_BRACKET_CHR  reduce 56
	QUES_CHR  reduce 56


state 72
	logical_or_expression : logical_or_expression . OR_OP logical_and_expression  (57)
	conditional_expression : logical_or_expression .  (58)
	conditional_expression : logical_or_expression . QUES_CHR expression COLON_CHR conditional_expression  (59)

	OR_OP  shift 126
	QUES_CHR  shift 127
	SEMI_CHR  reduce 58
	COMMA_CHR  reduce 58
	COLON_CHR  reduce 58
	CLOSE_PAREN_CHR  reduce 58
	CLOSE_BRACKET_CHR  reduce 58


state 73
	assignment_expression : conditional_expression .  (60)

	.  reduce 60


state 74
	declaration_list : declaration .  (88)

	.  reduce 88


state 75
	declaration : type_specifier . optional_init_declarator_list SEMI_CHR  (64)
	type_specifier : type_specifier . STAR_CHR  (73)
	optional_init_declarator_list : .  (65)

	IDENTIFIER  shift 14
	STAR_CHR  shift 15
	SEMI_CHR  reduce 65

	identifier  goto 99
	optional_init_declarator_list  goto 17
	init_declarator_list  goto 18
	init_declarator  goto 19
	declarator  goto 20


state 76
	statement_list : statement .  (90)

	.  reduce 90


state 77
	statement : compound_statement .  (75)

	.  reduce 75


state 78
	statement : expression_statement .  (76)

	.  reduce 76


state 79
	statement : selection_statement .  (77)

	.  reduce 77


state 80
	statement : iteration_statement .  (78)

	.  reduce 78


state 81
	statement : jump_statement .  (79)

	.  reduce 79


state 82
	statement : throw_statement .  (80)

	.  reduce 80


state 83
	statement : try_statement .  (81)

	.  reduce 81


state 84
	compound_statement : open_block close_block .  (84)

	.  reduce 84


state 85
	compound_statement : open_block statement_list . close_block  (85)
	statement_list : statement_list . statement  (91)

	IDENTIFIER  shift 14
	CONSTANT  shift 29
	STRING_LITERAL  shift 30
	INC_OP  shift 31
	DEC_OP  shift 32
	SEMI_CHR  shift 33
	OPEN_BRACE_CHR  shift 21
	CLOSE_BRACE_CHR  shift 34
	OPEN_PAREN_CHR  shift 35
	BANG_CHR  shift 36
	TILDE_CHR  shift 37
	ADD_CHR  shift 38
	SUB_CHR  shift 39
	IF  shift 40
	WHILE  shift 41
	FOR  shift 42
	RETURN  shift 43
	TRY  shift 44
	THROW  shift 45
	.  error

	primary_expression  goto 46
	identifier  goto 47
	constant  goto 48
	string_literal  goto 49
	expression  goto 50
	open_brace  goto 22
	close_brace  goto 51
	inc_op  goto 52
	dec_op  goto 53
	postfix_expression  goto 54
	assignment_expression  goto 55
	unary_expression  goto 56
	unary_operator  goto 57
	cast_expression  goto 58
	add_chr  goto 59
	sub_chr  goto 60
	bang_chr  goto 61
	tilde_chr  goto 62
	multiplicative_expression  goto 63
	additive_expression  goto 64
	shift_expression  goto 65
	relational_expression  goto 66
	equality_expression  goto 67
	and_expression  goto 68
	exclusive_or_expression  goto 69
	inclusive_or_expression  goto 70
	logical_and_expression  goto 71
	logical_or_expression  goto 72
	conditional_expression  goto 73
	statement  goto 128
	compound_statement  goto 77
	expression_statement  goto 78
	selection_statement  goto 79
	iteration_statement  goto 80
	jump_statement  goto 81
	throw_statement  goto 82
	try_statement  goto 83
	open_block  goto 24
	close_block  goto 129
	semi_chr  goto 87
	ifkw  goto 88
	trykw  goto 89
	whilekw  goto 90
	forkw  goto 91
	return  goto 92
	throw  goto 93


state 86
	compound_statement : open_block declaration_list . close_block  (86)
	compound_statement : open_block declaration_list . statement_list close_block  (87)
	declaration_list : declaration_list . declaration  (89)

	IDENTIFIER  shift 14
	CONSTANT  shift 29
	STRING_LITERAL  shift 30
	INC_OP  shift 31
	DEC_OP  shift 32
	SEMI_CHR  shift 33
	OPEN_BRACE_CHR  shift 21
	CLOSE_BRACE_CHR  shift 34
	OPEN_PAREN_CHR  shift 35
	BANG_CHR  shift 36
	TILDE_CHR  shift 37
	ADD_CHR  shift 38
	SUB_CHR  shift 39
	CHAR  shift 3
	INTEGER  shift 4
	IF  shift 40
	WHILE  shift 41
	FOR  shift 42
	RETURN  shift 43
	TRY  shift 44
	THROW  shift 45
	.  error

	primary_expression  goto 46
	identifier  goto 47
	constant  goto 48
	string_literal  goto 49
	expression  goto 50
	open_brace  goto 22
	close_brace  goto 51
	inc_op  goto 52
	dec_op  goto 53
	postfix_expression  goto 54
	assignment_expression  goto 55
	unary_expression  goto 56
	unary_operator  goto 57
	cast_expression  goto 58
	add_chr  goto 59
	sub_chr  goto 60
	bang_chr  goto 61
	tilde_chr  goto 62
	multiplicative_expression  goto 63
	additive_expression  goto 64
	shift_expression  goto 65
	relational_expression  goto 66
	equality_expression  goto 67
	and_expression  goto 68
	exclusive_or_expression  goto 69
	inclusive_or_expression  goto 70
	logical_and_expression  goto 71
	logical_or_expression  goto 72
	conditional_expression  goto 73
	declaration  goto 130
	type_specifier  goto 75
	statement  goto 76
	compound_statement  goto 77
	expression_statement  goto 78
	selection_statement  goto 79
	iteration_statement  goto 80
	jump_statement  goto 81
	throw_statement  goto 82
	try_statement  goto 83
	open_block  goto 24
	close_block  goto 131
	statement_list  goto 132
	semi_chr  goto 87
	ifkw  goto 88
	trykw  goto 89
	whilekw  goto 90
	forkw  goto 91
	return  goto 92
	throw  goto 93


state 87
	expression_statement : semi_chr .  (92)

	.  reduce 92


state 88
	selection_statement : ifkw . OPEN_PAREN_CHR expression CLOSE_PAREN_CHR statement  (96)
	selection_statement : ifkw . OPEN_PAREN_CHR expression CLOSE_PAREN_CHR statement ELSE statement  (97)

	OPEN_PAREN_CHR  shift 133
	.  error


state 89
	try_statement : trykw . compound_statement default_catch_list  (107)

	OPEN_BRACE_CHR  shift 21
	.  error

	open_brace  goto 22
	compound_statement  goto 134
	open_block  goto 24


state 90
	iteration_statement : whilekw . OPEN_PAREN_CHR expression close_paren statement  (110)

	OPEN_PAREN_CHR  shift 135
	.  error


state 91
	iteration_statement : forkw . OPEN_PAREN_CHR expression_statement expression_statement close_paren statement  (111)
	iteration_statement : forkw . OPEN_PAREN_CHR expression_statement expression_statement expression close_paren statement  (112)

	OPEN_PAREN_CHR  shift 136
	.  error


state 92
	jump_statement : return . SEMI_CHR  (114)
	jump_statement : return . expression SEMI_CHR  (115)

	IDENTIFIER  shift 14
	CONSTANT  shift 29
	STRING_LITERAL  shift 30
	INC_OP  shift 31
	DEC_OP  shift 32
	SEMI_CHR  shift 137
	OPEN_PAREN_CHR  shift 35
	BANG_CHR  shift 36
	TILDE_CHR  shift 37
	ADD_CHR  shift 38
	SUB_CHR  shift 39
	.  error

	primary_expression  goto 46
	identifier  goto 47
	constant  goto 48
	string_literal  goto 49
	expression  goto 138
	inc_op  goto 52
	dec_op  goto 53
	postfix_expression  goto 54
	assignment_expression  goto 55
	unary_expression  goto 56
	unary_operator  goto 57
	cast_expression  goto 58
	add_chr  goto 59
	sub_chr  goto 60
	bang_chr  goto 61
	tilde_chr  goto 62
	multiplicative_expression  goto 63
	additive_expression  goto 64
	shift_expression  goto 65
	relational_expression  goto 66
	equality_expression  goto 67
	and_expression  goto 68
	exclusive_or_expression  goto 69
	inclusive_or_expression  goto 70
	logical_and_expression  goto 71
	logical_or_expression  goto 72
	conditional_expression  goto 73


state 93
	throw_statement : throw . identifier primary_expression  (117)

	IDENTIFIER  shift 14
	.  error

	identifier  goto 139


state 94
	parameter_declarator : OPEN_PAREN_CHR CLOSE_PAREN_CHR .  (128)

	.  reduce 128


state 95
	type_specifier : type_specifier . STAR_CHR  (73)
	parameter_declaration : type_specifier . declarator  (123)

	IDENTIFIER  shift 14
	STAR_CHR  shift 15
	.  error

	identifier  goto 99
	declarator  goto 140


state 96
	parameter_list : parameter_declaration .  (124)

	.  reduce 124


state 97
	parameter_list : parameter_list . COMMA_CHR parameter_declaration  (125)
	parameter_type_list : parameter_list .  (126)
	parameter_type_list : parameter_list . COMMA_CHR ELLIPSIS  (127)

	COMMA_CHR  shift 141
	CLOSE_PAREN_CHR  reduce 126


state 98
	parameter_declarator : OPEN_PAREN_CHR parameter_type_list . CLOSE_PAREN_CHR  (129)

	CLOSE_PAREN_CHR  shift 142
	.  error


state 99
	declarator : identifier .  (70)

	.  reduce 70


state 100
	init_declarator_list : init_declarator_list COMMA_CHR init_declarator .  (68)

	.  reduce 68


state 101
	string_literal : STRING_LITERAL string_literal .  (10)

	.  reduce 10


state 102
	primary_expression : OPEN_PAREN_CHR expression . CLOSE_PAREN_CHR  (4)
	expression : expression . COMMA_CHR assignment_expression  (63)

	COMMA_CHR  shift 105
	CLOSE_PAREN_CHR  shift 143
	.  error


state 103
	postfix_expression : identifier OPEN_PAREN_CHR . close_paren  (15)
	postfix_expression : identifier OPEN_PAREN_CHR . argument_expression_list close_paren  (16)

	IDENTIFIER  shift 14
	CONSTANT  shift 29
	STRING_LITERAL  shift 30
	INC_OP  shift 31
	DEC_OP  shift 32
	OPEN_PAREN_CHR  shift 35
	CLOSE_PAREN_CHR  shift 144
	BANG_CHR  shift 36
	TILDE_CHR  shift 37
	ADD_CHR  shift 38
	SUB_CHR  shift 39
	.  error

	primary_expression  goto 46
	identifier  goto 47
	constant  goto 48
	string_literal  goto 49
	inc_op  goto 52
	dec_op  goto 53
	postfix_expression  goto 54
	close_paren  goto 145
	argument_expression_list  goto 146
	assignment_expression  goto 147
	unary_expression  goto 56
	unary_operator  goto 57
	cast_expression  goto 58
	add_chr  goto 59
	sub_chr  goto 60
	bang_chr  goto 61
	tilde_chr  goto 62
	multiplicative_expression  goto 63
	additive_expression  goto 64
	shift_expression  goto 65
	relational_expression  goto 66
	equality_expression  goto 67
	and_expression  goto 68
	exclusive_or_expression  goto 69
	inclusive_or_expression  goto 70
	logical_and_expression  goto 71
	logical_or_expression  goto 72
	conditional_expression  goto 73


state 104
	expression_statement : expression SEMI_CHR .  (93)

	.  reduce 93


state 105
	expression : expression COMMA_CHR . assignment_expression  (63)

	IDENTIFIER  shift 14
	CONSTANT  shift 29
	STRING_LITERAL  shift 30
	INC_OP  shift 31
	DEC_OP  shift 32
	OPEN_PAREN_CHR  shift 35
	BANG_CHR  shift 36
	TILDE_CHR  shift 37
	ADD_CHR  shift 38
	SUB_CHR  shift 39
	.  error

	primary_expression  goto 46
	identifier  goto 47
	constant  goto 48
	string_literal  goto 49
	inc_op  goto 52
	dec_op  goto 53
	postfix_expression  goto 54
	assignment_expression  goto 148
	unary_expression  goto 56
	unary_operator  goto 57
	cast_expression  goto 58
	add_chr  goto 59
	sub_chr  goto 60
	bang_chr  goto 61
	tilde_chr  goto 62
	multiplicative_expression  goto 63
	additive_expression  goto 64
	shift_expression  goto 65
	relational_expression  goto 66
	equality_expression  goto 67
	and_expression  goto 68
	exclusive_or_expression  goto 69
	inclusive_or_expression  goto 70
	logical_and_expression  goto 71
	logical_or_expression  goto 72
	conditional_expression  goto 73


state 106
	unary_expression : inc_op unary_expression .  (22)

	.  reduce 22


state 107
	unary_expression : dec_op unary_expression .  (23)

	.  reduce 23


state 108
	postfix_expression : postfix_expression OPEN_BRACKET_CHR . expression close_bracket  (14)

	IDENTIFIER  shift 14
	CONSTANT  shift 29
	STRING_LITERAL  shift 30
	INC_OP  shift 31
	DEC_OP  shift 32
	OPEN_PAREN_CHR  shift 35
	BANG_CHR  shift 36
	TILDE_CHR  shift 37
	ADD_CHR  shift 38
	SUB_CHR  shift 39
	.  error

	primary_expression  goto 46
	identifier  goto 47
	constant  goto 48
	string_literal  goto 49
	expression  goto 149
	inc_op  goto 52
	dec_op  goto 53
	postfix_expression  goto 54
	assignment_expression  goto 55
	unary_expression  goto 56
	unary_operator  goto 57
	cast_expression  goto 58
	add_chr  goto 59
	sub_chr  goto 60
	bang_chr  goto 61
	tilde_chr  goto 62
	multiplicative_expression  goto 63
	additive_expression  goto 64
	shift_expression  goto 65
	relational_expression  goto 66
	equality_expression  goto 67
	and_expression  goto 68
	exclusive_or_expression  goto 69
	inclusive_or_expression  goto 70
	logical_and_expression  goto 71
	logical_or_expression  goto 72
	conditional_expression  goto 73


state 109
	postfix_expression : postfix_expression inc_op .  (17)

	.  reduce 17


state 110
	postfix_expression : postfix_expression dec_op .  (18)

	.  reduce 18


state 111
	assignment_expression : unary_expression EQ_CHR . assignment_expression  (61)

	IDENTIFIER  shift 14
	CONSTANT  shift 29
	STRING_LITERAL  shift 30
	INC_OP  shift 31
	DEC_OP  shift 32
	OPEN_PAREN_CHR  shift 35
	BANG_CHR  shift 36
	TILDE_CHR  shift 37
	ADD_CHR  shift 38
	SUB_CHR  shift 39
	.  error

	primary_expression  goto 46
	identifier  goto 47
	constant  goto 48
	string_literal  goto 49
	inc_op  goto 52
	dec_op  goto 53
	postfix_expression  goto 54
	assignment_expression  goto 150
	unary_expression  goto 56
	unary_operator  goto 57
	cast_expression  goto 58
	add_chr  goto 59
	sub_chr  goto 60
	bang_chr  goto 61
	tilde_chr  goto 62
	multiplicative_expression  goto 63
	additive_expression  goto 64
	shift_expression  goto 65
	relational_expression  goto 66
	equality_expression  goto 67
	and_expression  goto 68
	exclusive_or_expression  goto 69
	inclusive_or_expression  goto 70
	logical_and_expression  goto 71
	logical_or_expression  goto 72
	conditional_expression  goto 73


state 112
	cast_expression : unary_expression .  (34)

	.  reduce 34


state 113
	unary_expression : unary_operator cast_expression .  (24)

	.  reduce 24


state 114
	multiplicative_expression : multiplicative_expression STAR_CHR . cast_expression  (36)

	IDENTIFIER  shift 14
	CONSTANT  shift 29
	STRING_LITERAL  shift 30
	INC_OP  shift 31
	DEC_OP  shift 32
	OPEN_PAREN_CHR  shift 35
	BANG_CHR  shift 36
	TILDE_CHR  shift 37
	ADD_CHR  shift 38
	SUB_CHR  shift 39
	.  error

	primary_expression  goto 46
	identifier  goto 47
	constant  goto 48
	string_literal  goto 49
	inc_op  goto 52
	dec_op  goto 53
	postfix_expression  goto 54
	unary_expression  goto 112
	unary_operator  goto 57
	cast_expression  goto 151
	add_chr  goto 59
	sub_chr  goto 60
	bang_chr  goto 61
	tilde_chr  goto 62


state 115
	multiplicative_expression : multiplicative_expression DIV_CHR . cast_expression  (37)

	IDENTIFIER  shift 14
	CONSTANT  shift 29
	STRING_LITERAL  shift 30
	INC_OP  shift 31
	DEC_OP  shift 32
	OPEN_PAREN_CHR  shift 35
	BANG_CHR  shift 36
	TILDE_CHR  shift 37
	ADD_CHR  shift 38
	SUB_CHR  shift 39
	.  error

	primary_expression  goto 46
	identifier  goto 47
	constant  goto 48
	string_literal  goto 49
	inc_op  goto 52
	dec_op  goto 53
	postfix_expression  goto 54
	unary_expression  goto 112
	unary_operator  goto 57
	cast_expression  goto 152
	add_chr  goto 59
	sub_chr  goto 60
	bang_chr  goto 61
	tilde_chr  goto 62


state 116
	multiplicative_expression : multiplicative_expression MOD_CHR . cast_expression  (38)

	IDENTIFIER  shift 14
	CONSTANT  shift 29
	STRING_LITERAL  shift 30
	INC_OP  shift 31
	DEC_OP  shift 32
	OPEN_PAREN_CHR  shift 35
	BANG_CHR  shift 36
	TILDE_CHR  shift 37
	ADD_CHR  shift 38
	SUB_CHR  shift 39
	.  error

	primary_expression  goto 46
	identifier  goto 47
	constant  goto 48
	string_literal  goto 49
	inc_op  goto 52
	dec_op  goto 53
	postfix_expression  goto 54
	unary_expression  goto 112
	unary_operator  goto 57
	cast_expression  goto 153
	add_chr  goto 59
	sub_chr  goto 60
	bang_chr  goto 61
	tilde_chr  goto 62


state 117
	additive_expression : additive_expression ADD_CHR . multiplicative_expression  (40)

	IDENTIFIER  shift 14
	CONSTANT  shift 29
	STRING_LITERAL  shift 30
	INC_OP  shift 31
	DEC_OP  shift 32
	OPEN_PAREN_CHR  shift 35
	BANG_CHR  shift 36
	TILDE_CHR  shift 37
	ADD_CHR  shift 38
	SUB_CHR  shift 39
	.  error

	primary_expression  goto 46
	identifier  goto 47
	constant  goto 48
	string_literal  goto 49
	inc_op  goto 52
	dec_op  goto 53
	postfix_expression  goto 54
	unary_expression  goto 112
	unary_operator  goto 57
	cast_expression  goto 58
	add_chr  goto 59
	sub_chr  goto 60
	bang_chr  goto 61
	tilde_chr  goto 62
	multiplicative_expression  goto 154


state 118
	additive_expression : additive_expression SUB_CHR . multiplicative_expression  (41)

	IDENTIFIER  shift 14
	CONSTANT  shift 29
	STRING_LITERAL  shift 30
	INC_OP  shift 31
	DEC_OP  shift 32
	OPEN_PAREN_CHR  shift 35
	BANG_CHR  shift 36
	TILDE_CHR  shift 37
	ADD_CHR  shift 38
	SUB_CHR  shift 39
	.  error

	primary_expression  goto 46
	identifier  goto 47
	constant  goto 48
	string_literal  goto 49
	inc_op  goto 52
	dec_op  goto 53
	postfix_expression  goto 54
	unary_expression  goto 112
	unary_operator  goto 57
	cast_expression  goto 58
	add_chr  goto 59
	sub_chr  goto 60
	bang_chr  goto 61
	tilde_chr  goto 62
	multiplicative_expression  goto 155


state 119
	relational_expression : relational_expression LE_OP . shift_expression  (46)

	IDENTIFIER  shift 14
	CONSTANT  shift 29
	STRING_LITERAL  shift 30
	INC_OP  shift 31
	DEC_OP  shift 32
	OPEN_PAREN_CHR  shift 35
	BANG_CHR  shift 36
	TILDE_CHR  shift 37
	ADD_CHR  shift 38
	SUB_CHR  shift 39
	.  error

	primary_expression  goto 46
	identifier  goto 47
	constant  goto 48
	string_literal  goto 49
	inc_op  goto 52
	dec_op  goto 53
	postfix_expression  goto 54
	unary_expression  goto 112
	unary_operator  goto 57
	cast_expression  goto 58
	add_chr  goto 59
	sub_chr  goto 60
	bang_chr  goto 61
	tilde_chr  goto 62
	multiplicative_expression  goto 63
	additive_expression  goto 64
	shift_expression  goto 156


state 120
	relational_expression : relational_expression GE_OP . shift_expression  (47)

	IDENTIFIER  shift 14
	CONSTANT  shift 29
	STRING_LITERAL  shift 30
	INC_OP  shift 31
	DEC_OP  shift 32
	OPEN_PAREN_CHR  shift 35
	BANG_CHR  shift 36
	TILDE_CHR  shift 37
	ADD_CHR  shift 38
	SUB_CHR  shift 39
	.  error

	primary_expression  goto 46
	identifier  goto 47
	constant  goto 48
	string_literal  goto 49
	inc_op  goto 52
	dec_op  goto 53
	postfix_expression  goto 54
	unary_expression  goto 112
	unary_operator  goto 57
	cast_expression  goto 58
	add_chr  goto 59
	sub_chr  goto 60
	bang_chr  goto 61
	tilde_chr  goto 62
	multiplicative_expression  goto 63
	additive_expression  goto 64
	shift_expression  goto 157


state 121
	relational_expression : relational_expression OPEN_ANGLE_CHR . shift_expression  (44)

	IDENTIFIER  shift 14
	CONSTANT  shift 29
	STRING_LITERAL  shift 30
	INC_OP  shift 31
	DEC_OP  shift 32
	OPEN_PAREN_CHR  shift 35
	BANG_CHR  shift 36
	TILDE_CHR  shift 37
	ADD_CHR  shift 38
	SUB_CHR  shift 39
	.  error

	primary_expression  goto 46
	identifier  goto 47
	constant  goto 48
	string_literal  goto 49
	inc_op  goto 52
	dec_op  goto 53
	postfix_expression  goto 54
	unary_expression  goto 112
	unary_operator  goto 57
	cast_expression  goto 58
	add_chr  goto 59
	sub_chr  goto 60
	bang_chr  goto 61
	tilde_chr  goto 62
	multiplicative_expression  goto 63
	additive_expression  goto 64
	shift_expression  goto 158


state 122
	relational_expression : relational_expression CLOSE_ANGLE_CHR . shift_expression  (45)

	IDENTIFIER  shift 14
	CONSTANT  shift 29
	STRING_LITERAL  shift 30
	INC_OP  shift 31
	DEC_OP  shift 32
	OPEN_PAREN_CHR  shift 35
	BANG_CHR  shift 36
	TILDE_CHR  shift 37
	ADD_CHR  shift 38
	SUB_CHR  shift 39
	.  error

	primary_expression  goto 46
	identifier  goto 47
	constant  goto 48
	string_literal  goto 49
	inc_op  goto 52
	dec_op  goto 53
	postfix_expression  goto 54
	unary_expression  goto 112
	unary_operator  goto 57
	cast_expression  goto 58
	add_chr  goto 59
	sub_chr  goto 60
	bang_chr  goto 61
	tilde_chr  goto 62
	multiplicative_expression  goto 63
	additive_expression  goto 64
	shift_expression  goto 159


state 123
	equality_expression : equality_expression EQ_OP . relational_expression  (49)

	IDENTIFIER  shift 14
	CONSTANT  shift 29
	STRING_LITERAL  shift 30
	INC_OP  shift 31
	DEC_OP  shift 32
	OPEN_PAREN_CHR  shift 35
	BANG_CHR  shift 36
	TILDE_CHR  shift 37
	ADD_CHR  shift 38
	SUB_CHR  shift 39
	.  error

	primary_expression  goto 46
	identifier  goto 47
	constant  goto 48
	string_literal  goto 49
	inc_op  goto 52
	dec_op  goto 53
	postfix_expression  goto 54
	unary_expression  goto 112
	unary_operator  goto 57
	cast_expression  goto 58
	add_chr  goto 59
	sub_chr  goto 60
	bang_chr  goto 61
	tilde_chr  goto 62
	multiplicative_expression  goto 63
	additive_expression  goto 64
	shift_expression  goto 65
	relational_expression  goto 160


state 124
	equality_expression : equality_expression NE_OP . relational_expression  (50)

	IDENTIFIER  shift 14
	CONSTANT  shift 29
	STRING_LITERAL  shift 30
	INC_OP  shift 31
	DEC_OP  shift 32
	OPEN_PAREN_CHR  shift 35
	BANG_CHR  shift 36
	TILDE_CHR  shift 37
	ADD_CHR  shift 38
	SUB_CHR  shift 39
	.  error

	primary_expression  goto 46
	identifier  goto 47
	constant  goto 48
	string_literal  goto 49
	inc_op  goto 52
	dec_op  goto 53
	postfix_expression  goto 54
	unary_expression  goto 112
	unary_operator  goto 57
	cast_expression  goto 58
	add_chr  goto 59
	sub_chr  goto 60
	bang_chr  goto 61
	tilde_chr  goto 62
	multiplicative_expression  goto 63
	additive_expression  goto 64
	shift_expression  goto 65
	relational_expression  goto 161


state 125
	logical_and_expression : logical_and_expression AND_OP . inclusive_or_expression  (55)

	IDENTIFIER  shift 14
	CONSTANT  shift 29
	STRING_LITERAL  shift 30
	INC_OP  shift 31
	DEC_OP  shift 32
	OPEN_PAREN_CHR  shift 35
	BANG_CHR  shift 36
	TILDE_CHR  shift 37
	ADD_CHR  shift 38
	SUB_CHR  shift 39
	.  error

	primary_expression  goto 46
	identifier  goto 47
	constant  goto 48
	string_literal  goto 49
	inc_op  goto 52
	dec_op  goto 53
	postfix_expression  goto 54
	unary_expression  goto 112
	unary_operator  goto 57
	cast_expression  goto 58
	add_chr  goto 59
	sub_chr  goto 60
	bang_chr  goto 61
	tilde_chr  goto 62
	multiplicative_expression  goto 63
	additive_expression  goto 64
	shift_expression  goto 65
	relational_expression  goto 66
	equality_expression  goto 67
	and_expression  goto 68
	exclusive_or_expression  goto 69
	inclusive_or_expression  goto 162


state 126
	logical_or_expression : logical_or_expression OR_OP . logical_and_expression  (57)

	IDENTIFIER  shift 14
	CONSTANT  shift 29
	STRING_LITERAL  shift 30
	INC_OP  shift 31
	DEC_OP  shift 32
	OPEN_PAREN_CHR  shift 35
	BANG_CHR  shift 36
	TILDE_CHR  shift 37
	ADD_CHR  shift 38
	SUB_CHR  shift 39
	.  error

	primary_expression  goto 46
	identifier  goto 47
	constant  goto 48
	string_literal  goto 49
	inc_op  goto 52
	dec_op  goto 53
	postfix_expression  goto 54
	unary_expression  goto 112
	unary_operator  goto 57
	cast_expression  goto 58
	add_chr  goto 59
	sub_chr  goto 60
	bang_chr  goto 61
	tilde_chr  goto 62
	multiplicative_expression  goto 63
	additive_expression  goto 64
	shift_expression  goto 65
	relational_expression  goto 66
	equality_expression  goto 67
	and_expression  goto 68
	exclusive_or_expression  goto 69
	inclusive_or_expression  goto 70
	logical_and_expression  goto 163


state 127
	conditional_expression : logical_or_expression QUES_CHR . expression COLON_CHR conditional_expression  (59)

	IDENTIFIER  shift 14
	CONSTANT  shift 29
	STRING_LITERAL  shift 30
	INC_OP  shift 31
	DEC_OP  shift 32
	OPEN_PAREN_CHR  shift 35
	BANG_CHR  shift 36
	TILDE_CHR  shift 37
	ADD_CHR  shift 38
	SUB_CHR  shift 39
	.  error

	primary_expression  goto 46
	identifier  goto 47
	constant  goto 48
	string_literal  goto 49
	expression  goto 164
	inc_op  goto 52
	dec_op  goto 53
	postfix_expression  goto 54
	assignment_expression  goto 55
	unary_expression  goto 56
	unary_operator  goto 57
	cast_expression  goto 58
	add_chr  goto 59
	sub_chr  goto 60
	bang_chr  goto 61
	tilde_chr  goto 62
	multiplicative_expression  goto 63
	additive_expression  goto 64
	shift_expression  goto 65
	relational_expression  goto 66
	equality_expression  goto 67
	and_expression  goto 68
	exclusive_or_expression  goto 69
	inclusive_or_expression  goto 70
	logical_and_expression  goto 71
	logical_or_expression  goto 72
	conditional_expression  goto 73


state 128
	statement_list : statement_list statement .  (91)

	.  reduce 91


state 129
	compound_statement : open_block statement_list close_block .  (85)

	.  reduce 85


state 130
	declaration_list : declaration_list declaration .  (89)

	.  reduce 89


state 131
	compound_statement : open_block declaration_list close_block .  (86)

	.  reduce 86


state 132
	compound_statement : open_block declaration_list statement_list . close_block  (87)
	statement_list : statement_list . statement  (91)

	IDENTIFIER  shift 14
	CONSTANT  shift 29
	STRING_LITERAL  shift 30
	INC_OP  shift 31
	DEC_OP  shift 32
	SEMI_CHR  shift 33
	OPEN_BRACE_CHR  shift 21
	CLOSE_BRACE_CHR  shift 34
	OPEN_PAREN_CHR  shift 35
	BANG_CHR  shift 36
	TILDE_CHR  shift 37
	ADD_CHR  shift 38
	SUB_CHR  shift 39
	IF  shift 40
	WHILE  shift 41
	FOR  shift 42
	RETURN  shift 43
	TRY  shift 44
	THROW  shift 45
	.  error

	primary_expression  goto 46
	identifier  goto 47
	constant  goto 48
	string_literal  goto 49
	expression  goto 50
	open_brace  goto 22
	close_brace  goto 51
	inc_op  goto 52
	dec_op  goto 53
	postfix_expression  goto 54
	assignment_expression  goto 55
	unary_expression  goto 56
	unary_operator  goto 57
	cast_expression  goto 58
	add_chr  goto 59
	sub_chr  goto 60
	bang_chr  goto 61
	tilde_chr  goto 62
	multiplicative_expression  goto 63
	additive_expression  goto 64
	shift_expression  goto 65
	relational_expression  goto 66
	equality_expression  goto 67
	and_expression  goto 68
	exclusive_or_expression  goto 69
	inclusive_or_expression  goto 70
	logical_and_expression  goto 71
	logical_or_expression  goto 72
	conditional_expression  goto 73
	statement  goto 128
	compound_statement  goto 77
	expression_statement  goto 78
	selection_statement  goto 79
	iteration_statement  goto 80
	jump_statement  goto 81
	throw_statement  goto 82
	try_statement  goto 83
	open_block  goto 24
	close_block  goto 165
	semi_chr  goto 87
	ifkw  goto 88
	trykw  goto 89
	whilekw  goto 90
	forkw  goto 91
	return  goto 92
	throw  goto 93


state 133
	selection_statement : ifkw OPEN_PAREN_CHR . expression CLOSE_PAREN_CHR statement  (96)
	selection_statement : ifkw OPEN_PAREN_CHR . expression CLOSE_PAREN_CHR statement ELSE statement  (97)

	IDENTIFIER  shift 14
	CONSTANT  shift 29
	STRING_LITERAL  shift 30
	INC_OP  shift 31
	DEC_OP  shift 32
	OPEN_PAREN_CHR  shift 35
	BANG_CHR  shift 36
	TILDE_CHR  shift 37
	ADD_CHR  shift 38
	SUB_CHR  shift 39
	.  error

	primary_expression  goto 46
	identifier  goto 47
	constant  goto 48
	string_literal  goto 49
	expression  goto 166
	inc_op  goto 52
	dec_op  goto 53
	postfix_expression  goto 54
	assignment_expression  goto 55
	unary_expression  goto 56
	unary_operator  goto 57
	cast_expression  goto 58
	add_chr  goto 59
	sub_chr  goto 60
	bang_chr  goto 61
	tilde_chr  goto 62
	multiplicative_expression  goto 63
	additive_expression  goto 64
	shift_expression  goto 65
	relational_expression  goto 66
	equality_expression  goto 67
	and_expression  goto 68
	exclusive_or_expression  goto 69
	inclusive_or_expression  goto 70
	logical_and_expression  goto 71
	logical_or_expression  goto 72
	conditional_expression  goto 73


state 134
	try_statement : trykw compound_statement . default_catch_list  (107)

	CATCH  shift 167
	FINALLY  shift 168
	.  error

	catch  goto 169
	finally  goto 170
	catch_clause  goto 171
	catch_list  goto 172
	default_catch_list  goto 173


state 135
	iteration_statement : whilekw OPEN_PAREN_CHR . expression close_paren statement  (110)

	IDENTIFIER  shift 14
	CONSTANT  shift 29
	STRING_LITERAL  shift 30
	INC_OP  shift 31
	DEC_OP  shift 32
	OPEN_PAREN_CHR  shift 35
	BANG_CHR  shift 36
	TILDE_CHR  shift 37
	ADD_CHR  shift 38
	SUB_CHR  shift 39
	.  error

	primary_expression  goto 46
	identifier  goto 47
	constant  goto 48
	string_literal  goto 49
	expression  goto 174
	inc_op  goto 52
	dec_op  goto 53
	postfix_expression  goto 54
	assignment_expression  goto 55
	unary_expression  goto 56
	unary_operator  goto 57
	cast_expression  goto 58
	add_chr  goto 59
	sub_chr  goto 60
	bang_chr  goto 61
	tilde_chr  goto 62
	multiplicative_expression  goto 63
	additive_expression  goto 64
	shift_expression  goto 65
	relational_expression  goto 66
	equality_expression  goto 67
	and_expression  goto 68
	exclusive_or_expression  goto 69
	inclusive_or_expression  goto 70
	logical_and_expression  goto 71
	logical_or_expression  goto 72
	conditional_expression  goto 73


state 136
	iteration_statement : forkw OPEN_PAREN_CHR . expression_statement expression_statement close_paren statement  (111)
	iteration_statement : forkw OPEN_PAREN_CHR . expression_statement expression_statement expression close_paren statement  (112)

	IDENTIFIER  shift 14
	CONSTANT  shift 29
	STRING_LITERAL  shift 30
	INC_OP  shift 31
	DEC_OP  shift 32
	SEMI_CHR  shift 33
	OPEN_PAREN_CHR  shift 35
	BANG_CHR  shift 36
	TILDE_CHR  shift 37
	ADD_CHR  shift 38
	SUB_CHR  shift 39
	.  error

	primary_expression  goto 46
	identifier  goto 47
	constant  goto 48
	string_literal  goto 49
	expression  goto 50
	inc_op  goto 52
	dec_op  goto 53
	postfix_expression  goto 54
	assignment_expression  goto 55
	unary_expression  goto 56
	unary_operator  goto 57
	cast_expression  goto 58
	add_chr  goto 59
	sub_chr  goto 60
	bang_chr  goto 61
	tilde_chr  goto 62
	multiplicative_expression  goto 63
	additive_expression  goto 64
	shift_expression  goto 65
	relational_expression  goto 66
	equality_expression  goto 67
	and_expression  goto 68
	exclusive_or_expression  goto 69
	inclusive_or_expression  goto 70
	logical_and_expression  goto 71
	logical_or_expression  goto 72
	conditional_expression  goto 73
	expression_statement  goto 175
	semi_chr  goto 87


state 137
	jump_statement : return SEMI_CHR .  (114)

	.  reduce 114


state 138
	expression : expression . COMMA_CHR assignment_expression  (63)
	jump_statement : return expression . SEMI_CHR  (115)

	SEMI_CHR  shift 176
	COMMA_CHR  shift 105
	.  error


state 139
	throw_statement : throw identifier . primary_expression  (117)

	IDENTIFIER  shift 14
	CONSTANT  shift 29
	STRING_LITERAL  shift 30
	OPEN_PAREN_CHR  shift 35
	.  error

	primary_expression  goto 177
	identifier  goto 178
	constant  goto 48
	string_literal  goto 49


state 140
	parameter_declaration : type_specifier declarator .  (123)

	.  reduce 123


state 141
	parameter_list : parameter_list COMMA_CHR . parameter_declaration  (125)
	parameter_type_list : parameter_list COMMA_CHR . ELLIPSIS  (127)

	CHAR  shift 3
	INTEGER  shift 4
	ELLIPSIS  shift 179
	.  error

	type_specifier  goto 95
	parameter_declaration  goto 180


state 142
	parameter_declarator : OPEN_PAREN_CHR parameter_type_list CLOSE_PAREN_CHR .  (129)

	.  reduce 129


state 143
	primary_expression : OPEN_PAREN_CHR expression CLOSE_PAREN_CHR .  (4)

	.  reduce 4


state 144
	close_paren : CLOSE_PAREN_CHR .  (33)

	.  reduce 33


state 145
	postfix_expression : identifier OPEN_PAREN_CHR close_paren .  (15)

	.  reduce 15


state 146
	postfix_expression : identifier OPEN_PAREN_CHR argument_expression_list . close_paren  (16)
	argument_expression_list : argument_expression_list . COMMA_CHR assignment_expression  (20)

	COMMA_CHR  shift 181
	CLOSE_PAREN_CHR  shift 144
	.  error

	close_paren  goto 182


state 147
	argument_expression_list : assignment_expression .  (19)

	.  reduce 19


state 148
	expression : expression COMMA_CHR assignment_expression .  (63)

	.  reduce 63


state 149
	postfix_expression : postfix_expression OPEN_BRACKET_CHR expression . close_bracket  (14)
	expression : expression . COMMA_CHR assignment_expression  (63)

	COMMA_CHR  shift 105
	CLOSE_BRACKET_CHR  shift 183
	.  error

	close_bracket  goto 184


state 150
	assignment_expression : unary_expression EQ_CHR assignment_expression .  (61)

	.  reduce 61


state 151
	multiplicative_expression : multiplicative_expression STAR_CHR cast_expression .  (36)

	.  reduce 36


state 152
	multiplicative_expression : multiplicative_expression DIV_CHR cast_expression .  (37)

	.  reduce 37


state 153
	multiplicative_expression : multiplicative_expression MOD_CHR cast_expression .  (38)

	.  reduce 38


state 154
	multiplicative_expression : multiplicative_expression . STAR_CHR cast_expression  (36)
	multiplicative_expression : multiplicative_expression . DIV_CHR cast_expression  (37)
	multiplicative_expression : multiplicative_expression . MOD_CHR cast_expression  (38)
	additive_expression : additive_expression ADD_CHR multiplicative_expression .  (40)

	STAR_CHR  shift 114
	DIV_CHR  shift 115
	MOD_CHR  shift 116
	LE_OP  reduce 40
	GE_OP  reduce 40
	EQ_OP  reduce 40
	NE_OP  reduce 40
	AND_OP  reduce 40
	OR_OP  reduce 40
	SEMI_CHR  reduce 40
	COMMA_CHR  reduce 40
	COLON_CHR  reduce 40
	CLOSE_PAREN_CHR  reduce 40
	CLOSE_BRACKET_CHR  reduce 40
	ADD_CHR  reduce 40
	SUB_CHR  reduce 40
	OPEN_ANGLE_CHR  reduce 40
	CLOSE_ANGLE_CHR  reduce 40
	QUES_CHR  reduce 40


state 155
	multiplicative_expression : multiplicative_expression . STAR_CHR cast_expression  (36)
	multiplicative_expression : multiplicative_expression . DIV_CHR cast_expression  (37)
	multiplicative_expression : multiplicative_expression . MOD_CHR cast_expression  (38)
	additive_expression : additive_expression SUB_CHR multiplicative_expression .  (41)

	STAR_CHR  shift 114
	DIV_CHR  shift 115
	MOD_CHR  shift 116
	LE_OP  reduce 41
	GE_OP  reduce 41
	EQ_OP  reduce 41
	NE_OP  reduce 41
	AND_OP  reduce 41
	OR_OP  reduce 41
	SEMI_CHR  reduce 41
	COMMA_CHR  reduce 41
	COLON_CHR  reduce 41
	CLOSE_PAREN_CHR  reduce 41
	CLOSE_BRACKET_CHR  reduce 41
	ADD_CHR  reduce 41
	SUB_CHR  reduce 41
	OPEN_ANGLE_CHR  reduce 41
	CLOSE_ANGLE_CHR  reduce 41
	QUES_CHR  reduce 41


state 156
	relational_expression : relational_expression LE_OP shift_expression .  (46)

	.  reduce 46


state 157
	relational_expression : relational_expression GE_OP shift_expression .  (47)

	.  reduce 47


state 158
	relational_expression : relational_expression OPEN_ANGLE_CHR shift_expression .  (44)

	.  reduce 44


state 159
	relational_expression : relational_expression CLOSE_ANGLE_CHR shift_expression .  (45)

	.  reduce 45


state 160
	relational_expression : relational_expression . OPEN_ANGLE_CHR shift_expression  (44)
	relational_expression : relational_expression . CLOSE_ANGLE_CHR shift_expression  (45)
	relational_expression : relational_expression . LE_OP shift_expression  (46)
	relational_expression : relational_expression . GE_OP shift_expression  (47)
	equality_expression : equality_expression EQ_OP relational_expression .  (49)

	LE_OP  shift 119
	GE_OP  shift 120
	OPEN_ANGLE_CHR  shift 121
	CLOSE_ANGLE_CHR  shift 122
	EQ_OP  reduce 49
	NE_OP  reduce 49
	AND_OP  reduce 49
	OR_OP  reduce 49
	SEMI_CHR  reduce 49
	COMMA_CHR  reduce 49
	COLON_CHR  reduce 49
	CLOSE_PAREN_CHR  reduce 49
	CLOSE_BRACKET_CHR  reduce 49
	QUES_CHR  reduce 49


state 161
	relational_expression : relational_expression . OPEN_ANGLE_CHR shift_expression  (44)
	relational_expression : relational_expression . CLOSE_ANGLE_CHR shift_expression  (45)
	relational_expression : relational_expression . LE_OP shift_expression  (46)
	relational_expression : relational_expression . GE_OP shift_expression  (47)
	equality_expression : equality_expression NE_OP relational_expression .  (50)

	LE_OP  shift 119
	GE_OP  shift 120
	OPEN_ANGLE_CHR  shift 121
	CLOSE_ANGLE_CHR  shift 122
	EQ_OP  reduce 50
	NE_OP  reduce 50
	AND_OP  reduce 50
	OR_OP  reduce 50
	SEMI_CHR  reduce 50
	COMMA_CHR  reduce 50
	COLON_CHR  reduce 50
	CLOSE_PAREN_CHR  reduce 50
	CLOSE_BRACKET_CHR  reduce 50
	QUES_CHR  reduce 50


state 162
	logical_and_expression : logical_and_expression AND_OP inclusive_or_expression .  (55)

	.  reduce 55


state 163
	logical_and_expression : logical_and_expression . AND_OP inclusive_or_expression  (55)
	logical_or_expression : logical_or_expression OR_OP logical_and_expression .  (57)

	AND_OP  shift 125
	OR_OP  reduce 57
	SEMI_CHR  reduce 57
	COMMA_CHR  reduce 57
	COLON_CHR  reduce 57
	CLOSE_PAREN_CHR  reduce 57
	CLOSE_BRACKET_CHR  reduce 57
	QUES_CHR  reduce 57


state 164
	conditional_expression : logical_or_expression QUES_CHR expression . COLON_CHR conditional_expression  (59)
	expression : expression . COMMA_CHR assignment_expression  (63)

	COMMA_CHR  shift 105
	COLON_CHR  shift 185
	.  error


state 165
	compound_statement : open_block declaration_list statement_list close_block .  (87)

	.  reduce 87


state 166
	expression : expression . COMMA_CHR assignment_expression  (63)
	selection_statement : ifkw OPEN_PAREN_CHR expression . CLOSE_PAREN_CHR statement  (96)
	selection_statement : ifkw OPEN_PAREN_CHR expression . CLOSE_PAREN_CHR statement ELSE statement  (97)

	COMMA_CHR  shift 105
	CLOSE_PAREN_CHR  shift 186
	.  error


state 167
	catch : CATCH .  (99)

	.  reduce 99


state 168
	finally : FINALLY .  (100)

	.  reduce 100


state 169
	catch_clause : catch . OPEN_PAREN_CHR identifier identifier CLOSE_PAREN_CHR compound_statement  (101)

	OPEN_PAREN_CHR  shift 187
	.  error


state 170
	default_catch_list : finally . compound_statement  (106)

	OPEN_BRACE_CHR  shift 21
	.  error

	open_brace  goto 22
	compound_statement  goto 188
	open_block  goto 24


state 171
	catch_list : catch_clause .  (102)

	.  reduce 102


state 172
	catch_list : catch_list . catch_clause  (103)
	default_catch_list : catch_list .  (104)
	default_catch_list : catch_list . finally compound_statement  (105)

	CATCH  shift 167
	FINALLY  shift 168
	IDENTIFIER  reduce 104
	CONSTANT  reduce 104
	STRING_LITERAL  reduce 104
	INC_OP  reduce 104
	DEC_OP  reduce 104
	SEMI_CHR  reduce 104
	OPEN_BRACE_CHR  reduce 104
	CLOSE_BRACE_CHR  reduce 104
	OPEN_PAREN_CHR  reduce 104
	BANG_CHR  reduce 104
	TILDE_CHR  reduce 104
	ADD_CHR  reduce 104
	SUB_CHR  reduce 104
	IF  reduce 104
	ELSE  reduce 104
	WHILE  reduce 104
	FOR  reduce 104
	RETURN  reduce 104
	TRY  reduce 104
	THROW  reduce 104

	catch  goto 169
	finally  goto 189
	catch_clause  goto 190


state 173
	try_statement : trykw compound_statement default_catch_list .  (107)

	.  reduce 107


state 174
	expression : expression . COMMA_CHR assignment_expression  (63)
	iteration_statement : whilekw OPEN_PAREN_CHR expression . close_paren statement  (110)

	COMMA_CHR  shift 105
	CLOSE_PAREN_CHR  shift 144
	.  error

	close_paren  goto 191


state 175
	iteration_statement : forkw OPEN_PAREN_CHR expression_statement . expression_statement close_paren statement  (111)
	iteration_statement : forkw OPEN_PAREN_CHR expression_statement . expression_statement expression close_paren statement  (112)

	IDENTIFIER  shift 14
	CONSTANT  shift 29
	STRING_LITERAL  shift 30
	INC_OP  shift 31
	DEC_OP  shift 32
	SEMI_CHR  shift 33
	OPEN_PAREN_CHR  shift 35
	BANG_CHR  shift 36
	TILDE_CHR  shift 37
	ADD_CHR  shift 38
	SUB_CHR  shift 39
	.  error

	primary_expression  goto 46
	identifier  goto 47
	constant  goto 48
	string_literal  goto 49
	expression  goto 50
	inc_op  goto 52
	dec_op  goto 53
	postfix_expression  goto 54
	assignment_expression  goto 55
	unary_expression  goto 56
	unary_operator  goto 57
	cast_expression  goto 58
	add_chr  goto 59
	sub_chr  goto 60
	bang_chr  goto 61
	tilde_chr  goto 62
	multiplicative_expression  goto 63
	additive_expression  goto 64
	shift_expression  goto 65
	relational_expression  goto 66
	equality_expression  goto 67
	and_expression  goto 68
	exclusive_or_expression  goto 69
	inclusive_or_expression  goto 70
	logical_and_expression  goto 71
	logical_or_expression  goto 72
	conditional_expression  goto 73
	expression_statement  goto 192
	semi_chr  goto 87


state 176
	jump_statement : return expression SEMI_CHR .  (115)

	.  reduce 115


state 177
	throw_statement : throw identifier primary_expression .  (117)

	.  reduce 117


state 178
	primary_expression : identifier .  (1)

	.  reduce 1


state 179
	parameter_type_list : parameter_list COMMA_CHR ELLIPSIS .  (127)

	.  reduce 127


state 180
	parameter_list : parameter_list COMMA_CHR parameter_declaration .  (125)

	.  reduce 125


state 181
	argument_expression_list : argument_expression_list COMMA_CHR . assignment_expression  (20)

	IDENTIFIER  shift 14
	CONSTANT  shift 29
	STRING_LITERAL  shift 30
	INC_OP  shift 31
	DEC_OP  shift 32
	OPEN_PAREN_CHR  shift 35
	BANG_CHR  shift 36
	TILDE_CHR  shift 37
	ADD_CHR  shift 38
	SUB_CHR  shift 39
	.  error

	primary_expression  goto 46
	identifier  goto 47
	constant  goto 48
	string_literal  goto 49
	inc_op  goto 52
	dec_op  goto 53
	postfix_expression  goto 54
	assignment_expression  goto 193
	unary_expression  goto 56
	unary_operator  goto 57
	cast_expression  goto 58
	add_chr  goto 59
	sub_chr  goto 60
	bang_chr  goto 61
	tilde_chr  goto 62
	multiplicative_expression  goto 63
	additive_expression  goto 64
	shift_expression  goto 65
	relational_expression  goto 66
	equality_expression  goto 67
	and_expression  goto 68
	exclusive_or_expression  goto 69
	inclusive_or_expression  goto 70
	logical_and_expression  goto 71
	logical_or_expression  goto 72
	conditional_expression  goto 73


state 182
	postfix_expression : identifier OPEN_PAREN_CHR argument_expression_list close_paren .  (16)

	.  reduce 16


state 183
	close_bracket : CLOSE_BRACKET_CHR .  (74)

	.  reduce 74


state 184
	postfix_expression : postfix_expression OPEN_BRACKET_CHR expression close_bracket .  (14)

	.  reduce 14


state 185
	conditional_expression : logical_or_expression QUES_CHR expression COLON_CHR . conditional_expression  (59)

	IDENTIFIER  shift 14
	CONSTANT  shift 29
	STRING_LITERAL  shift 30
	INC_OP  shift 31
	DEC_OP  shift 32
	OPEN_PAREN_CHR  shift 35
	BANG_CHR  shift 36
	TILDE_CHR  shift 37
	ADD_CHR  shift 38
	SUB_CHR  shift 39
	.  error

	primary_expression  goto 46
	identifier  goto 47
	constant  goto 48
	string_literal  goto 49
	inc_op  goto 52
	dec_op  goto 53
	postfix_expression  goto 54
	unary_expression  goto 112
	unary_operator  goto 57
	cast_expression  goto 58
	add_chr  goto 59
	sub_chr  goto 60
	bang_chr  goto 61
	tilde_chr  goto 62
	multiplicative_expression  goto 63
	additive_expression  goto 64
	shift_expression  goto 65
	relational_expression  goto 66
	equality_expression  goto 67
	and_expression  goto 68
	exclusive_or_expression  goto 69
	inclusive_or_expression  goto 70
	logical_and_expression  goto 71
	logical_or_expression  goto 72
	conditional_expression  goto 194


state 186
	selection_statement : ifkw OPEN_PAREN_CHR expression CLOSE_PAREN_CHR . statement  (96)
	selection_statement : ifkw OPEN_PAREN_CHR expression CLOSE_PAREN_CHR . statement ELSE statement  (97)

	IDENTIFIER  shift 14
	CONSTANT  shift 29
	STRING_LITERAL  shift 30
	INC_OP  shift 31
	DEC_OP  shift 32
	SEMI_CHR  shift 33
	OPEN_BRACE_CHR  shift 21
	OPEN_PAREN_CHR  shift 35
	BANG_CHR  shift 36
	TILDE_CHR  shift 37
	ADD_CHR  shift 38
	SUB_CHR  shift 39
	IF  shift 40
	WHILE  shift 41
	FOR  shift 42
	RETURN  shift 43
	TRY  shift 44
	THROW  shift 45
	.  error

	primary_expression  goto 46
	identifier  goto 47
	constant  goto 48
	string_literal  goto 49
	expression  goto 50
	open_brace  goto 22
	inc_op  goto 52
	dec_op  goto 53
	postfix_expression  goto 54
	assignment_expression  goto 55
	unary_expression  goto 56
	unary_operator  goto 57
	cast_expression  goto 58
	add_chr  goto 59
	sub_chr  goto 60
	bang_chr  goto 61
	tilde_chr  goto 62
	multiplicative_expression  goto 63
	additive_expression  goto 64
	shift_expression  goto 65
	relational_expression  goto 66
	equality_expression  goto 67
	and_expression  goto 68
	exclusive_or_expression  goto 69
	inclusive_or_expression  goto 70
	logical_and_expression  goto 71
	logical_or_expression  goto 72
	conditional_expression  goto 73
	statement  goto 195
	compound_statement  goto 77
	expression_statement  goto 78
	selection_statement  goto 79
	iteration_statement  goto 80
	jump_statement  goto 81
	throw_statement  goto 82
	try_statement  goto 83
	open_block  goto 24
	semi_chr  goto 87
	ifkw  goto 88
	trykw  goto 89
	whilekw  goto 90
	forkw  goto 91
	return  goto 92
	throw  goto 93


state 187
	catch_clause : catch OPEN_PAREN_CHR . identifier identifier CLOSE_PAREN_CHR compound_statement  (101)

	IDENTIFIER  shift 14
	.  error

	identifier  goto 196


state 188
	default_catch_list : finally compound_statement .  (106)

	.  reduce 106


state 189
	default_catch_list : catch_list finally . compound_statement  (105)

	OPEN_BRACE_CHR  shift 21
	.  error

	open_brace  goto 22
	compound_statement  goto 197
	open_block  goto 24


state 190
	catch_list : catch_list catch_clause .  (103)

	.  reduce 103


state 191
	iteration_statement : whilekw OPEN_PAREN_CHR expression close_paren . statement  (110)

	IDENTIFIER  shift 14
	CONSTANT  shift 29
	STRING_LITERAL  shift 30
	INC_OP  shift 31
	DEC_OP  shift 32
	SEMI_CHR  shift 33
	OPEN_BRACE_CHR  shift 21
	OPEN_PAREN_CHR  shift 35
	BANG_CHR  shift 36
	TILDE_CHR  shift 37
	ADD_CHR  shift 38
	SUB_CHR  shift 39
	IF  shift 40
	WHILE  shift 41
	FOR  shift 42
	RETURN  shift 43
	TRY  shift 44
	THROW  shift 45
	.  error

	primary_expression  goto 46
	identifier  goto 47
	constant  goto 48
	string_literal  goto 49
	expression  goto 50
	open_brace  goto 22
	inc_op  goto 52
	dec_op  goto 53
	postfix_expression  goto 54
	assignment_expression  goto 55
	unary_expression  goto 56
	unary_operator  goto 57
	cast_expression  goto 58
	add_chr  goto 59
	sub_chr  goto 60
	bang_chr  goto 61
	tilde_chr  goto 62
	multiplicative_expression  goto 63
	additive_expression  goto 64
	shift_expression  goto 65
	relational_expression  goto 66
	equality_expression  goto 67
	and_expression  goto 68
	exclusive_or_expression  goto 69
	inclusive_or_expression  goto 70
	logical_and_expression  goto 71
	logical_or_expression  goto 72
	conditional_expression  goto 73
	statement  goto 198
	compound_statement  goto 77
	expression_statement  goto 78
	selection_statement  goto 79
	iteration_statement  goto 80
	jump_statement  goto 81
	throw_statement  goto 82
	try_statement  goto 83
	open_block  goto 24
	semi_chr  goto 87
	ifkw  goto 88
	trykw  goto 89
	whilekw  goto 90
	forkw  goto 91
	return  goto 92
	throw  goto 93


state 192
	iteration_statement : forkw OPEN_PAREN_CHR expression_statement expression_statement . close_paren statement  (111)
	iteration_statement : forkw OPEN_PAREN_CHR expression_statement expression_statement . expression close_paren statement  (112)

	IDENTIFIER  shift 14
	CONSTANT  shift 29
	STRING_LITERAL  shift 30
	INC_OP  shift 31
	DEC_OP  shift 32
	OPEN_PAREN_CHR  shift 35
	CLOSE_PAREN_CHR  shift 144
	BANG_CHR  shift 36
	TILDE_CHR  shift 37
	ADD_CHR  shift 38
	SUB_CHR  shift 39
	.  error

	primary_expression  goto 46
	identifier  goto 47
	constant  goto 48
	string_literal  goto 49
	expression  goto 199
	inc_op  goto 52
	dec_op  goto 53
	postfix_expression  goto 54
	close_paren  goto 200
	assignment_expression  goto 55
	unary_expression  goto 56
	unary_operator  goto 57
	cast_expression  goto 58
	add_chr  goto 59
	sub_chr  goto 60
	bang_chr  goto 61
	tilde_chr  goto 62
	multiplicative_expression  goto 63
	additive_expression  goto 64
	shift_expression  goto 65
	relational_expression  goto 66
	equality_expression  goto 67
	and_expression  goto 68
	exclusive_or_expression  goto 69
	inclusive_or_expression  goto 70
	logical_and_expression  goto 71
	logical_or_expression  goto 72
	conditional_expression  goto 73


state 193
	argument_expression_list : argument_expression_list COMMA_CHR assignment_expression .  (20)

	.  reduce 20


state 194
	conditional_expression : logical_or_expression QUES_CHR expression COLON_CHR conditional_expression .  (59)

	.  reduce 59


195: shift/reduce conflict (shift 201, reduce 96) on ELSE
state 195
	selection_statement : ifkw OPEN_PAREN_CHR expression CLOSE_PAREN_CHR statement .  (96)
	selection_statement : ifkw OPEN_PAREN_CHR expression CLOSE_PAREN_CHR statement . ELSE statement  (97)

	ELSE  shift 201
	IDENTIFIER  reduce 96
	CONSTANT  reduce 96
	STRING_LITERAL  reduce 96
	INC_OP  reduce 96
	DEC_OP  reduce 96
	SEMI_CHR  reduce 96
	OPEN_BRACE_CHR  reduce 96
	CLOSE_BRACE_CHR  reduce 96
	OPEN_PAREN_CHR  reduce 96
	BANG_CHR  reduce 96
	TILDE_CHR  reduce 96
	ADD_CHR  reduce 96
	SUB_CHR  reduce 96
	IF  reduce 96
	WHILE  reduce 96
	FOR  reduce 96
	RETURN  reduce 96
	TRY  reduce 96
	THROW  reduce 96


state 196
	catch_clause : catch OPEN_PAREN_CHR identifier . identifier CLOSE_PAREN_CHR compound_statement  (101)

	IDENTIFIER  shift 14
	.  error

	identifier  goto 202


state 197
	default_catch_list : catch_list finally compound_statement .  (105)

	.  reduce 105


state 198
	iteration_statement : whilekw OPEN_PAREN_CHR expression close_paren statement .  (110)

	.  reduce 110


state 199
	expression : expression . COMMA_CHR assignment_expression  (63)
	iteration_statement : forkw OPEN_PAREN_CHR expression_statement expression_statement expression . close_paren statement  (112)

	COMMA_CHR  shift 105
	CLOSE_PAREN_CHR  shift 144
	.  error

	close_paren  goto 203


state 200
	iteration_statement : forkw OPEN_PAREN_CHR expression_statement expression_statement close_paren . statement  (111)

	IDENTIFIER  shift 14
	CONSTANT  shift 29
	STRING_LITERAL  shift 30
	INC_OP  shift 31
	DEC_OP  shift 32
	SEMI_CHR  shift 33
	OPEN_BRACE_CHR  shift 21
	OPEN_PAREN_CHR  shift 35
	BANG_CHR  shift 36
	TILDE_CHR  shift 37
	ADD_CHR  shift 38
	SUB_CHR  shift 39
	IF  shift 40
	WHILE  shift 41
	FOR  shift 42
	RETURN  shift 43
	TRY  shift 44
	THROW  shift 45
	.  error

	primary_expression  goto 46
	identifier  goto 47
	constant  goto 48
	string_literal  goto 49
	expression  goto 50
	open_brace  goto 22
	inc_op  goto 52
	dec_op  goto 53
	postfix_expression  goto 54
	assignment_expression  goto 55
	unary_expression  goto 56
	unary_operator  goto 57
	cast_expression  goto 58
	add_chr  goto 59
	sub_chr  goto 60
	bang_chr  goto 61
	tilde_chr  goto 62
	multiplicative_expression  goto 63
	additive_expression  goto 64
	shift_expression  goto 65
	relational_expression  goto 66
	equality_expression  goto 67
	and_expression  goto 68
	exclusive_or_expression  goto 69
	inclusive_or_expression  goto 70
	logical_and_expression  goto 71
	logical_or_expression  goto 72
	conditional_expression  goto 73
	statement  goto 204
	compound_statement  goto 77
	expression_statement  goto 78
	selection_statement  goto 79
	iteration_statement  goto 80
	jump_statement  goto 81
	throw_statement  goto 82
	try_statement  goto 83
	open_block  goto 24
	semi_chr  goto 87
	ifkw  goto 88
	trykw  goto 89
	whilekw  goto 90
	forkw  goto 91
	return  goto 92
	throw  goto 93


state 201
	selection_statement : ifkw OPEN_PAREN_CHR expression CLOSE_PAREN_CHR statement ELSE . statement  (97)

	IDENTIFIER  shift 14
	CONSTANT  shift 29
	STRING_LITERAL  shift 30
	INC_OP  shift 31
	DEC_OP  shift 32
	SEMI_CHR  shift 33
	OPEN_BRACE_CHR  shift 21
	OPEN_PAREN_CHR  shift 35
	BANG_CHR  shift 36
	TILDE_CHR  shift 37
	ADD_CHR  shift 38
	SUB_CHR  shift 39
	IF  shift 40
	WHILE  shift 41
	FOR  shift 42
	RETURN  shift 43
	TRY  shift 44
	THROW  shift 45
	.  error

	primary_expression  goto 46
	identifier  goto 47
	constant  goto 48
	string_literal  goto 49
	expression  goto 50
	open_brace  goto 22
	inc_op  goto 52
	dec_op  goto 53
	postfix_expression  goto 54
	assignment_expression  goto 55
	unary_expression  goto 56
	unary_operator  goto 57
	cast_expression  goto 58
	add_chr  goto 59
	sub_chr  goto 60
	bang_chr  goto 61
	tilde_chr  goto 62
	multiplicative_expression  goto 63
	additive_expression  goto 64
	shift_expression  goto 65
	relational_expression  goto 66
	equality_expression  goto 67
	and_expression  goto 68
	exclusive_or_expression  goto 69
	inclusive_or_expression  goto 70
	logical_and_expression  goto 71
	logical_or_expression  goto 72
	conditional_expression  goto 73
	statement  goto 205
	compound_statement  goto 77
	expression_statement  goto 78
	selection_statement  goto 79
	iteration_statement  goto 80
	jump_statement  goto 81
	throw_statement  goto 82
	try_statement  goto 83
	open_block  goto 24
	semi_chr  goto 87
	ifkw  goto 88
	trykw  goto 89
	whilekw  goto 90
	forkw  goto 91
	return  goto 92
	throw  goto 93


state 202
	catch_clause : catch OPEN_PAREN_CHR identifier identifier . CLOSE_PAREN_CHR compound_statement  (101)

	CLOSE_PAREN_CHR  shift 206
	.  error


state 203
	iteration_statement : forkw OPEN_PAREN_CHR expression_statement expression_statement expression close_paren . statement  (112)

	IDENTIFIER  shift 14
	CONSTANT  shift 29
	STRING_LITERAL  shift 30
	INC_OP  shift 31
	DEC_OP  shift 32
	SEMI_CHR  shift 33
	OPEN_BRACE_CHR  shift 21
	OPEN_PAREN_CHR  shift 35
	BANG_CHR  shift 36
	TILDE_CHR  shift 37
	ADD_CHR  shift 38
	SUB_CHR  shift 39
	IF  shift 40
	WHILE  shift 41
	FOR  shift 42
	RETURN  shift 43
	TRY  shift 44
	THROW  shift 45
	.  error

	primary_expression  goto 46
	identifier  goto 47
	constant  goto 48
	string_literal  goto 49
	expression  goto 50
	open_brace  goto 22
	inc_op  goto 52
	dec_op  goto 53
	postfix_expression  goto 54
	assignment_expression  goto 55
	unary_expression  goto 56
	unary_operator  goto 57
	cast_expression  goto 58
	add_chr  goto 59
	sub_chr  goto 60
	bang_chr  goto 61
	tilde_chr  goto 62
	multiplicative_expression  goto 63
	additive_expression  goto 64
	shift_expression  goto 65
	relational_expression  goto 66
	equality_expression  goto 67
	and_expression  goto 68
	exclusive_or_expression  goto 69
	inclusive_or_expression  goto 70
	logical_and_expression  goto 71
	logical_or_expression  goto 72
	conditional_expression  goto 73
	statement  goto 207
	compound_statement  goto 77
	expression_statement  goto 78
	selection_statement  goto 79
	iteration_statement  goto 80
	jump_statement  goto 81
	throw_statement  goto 82
	try_statement  goto 83
	open_block  goto 24
	semi_chr  goto 87
	ifkw  goto 88
	trykw  goto 89
	whilekw  goto 90
	forkw  goto 91
	return  goto 92
	throw  goto 93


state 204
	iteration_statement : forkw OPEN_PAREN_CHR expression_statement expression_statement close_paren statement .  (111)

	.  reduce 111


state 205
	selection_statement : ifkw OPEN_PAREN_CHR expression CLOSE_PAREN_CHR statement ELSE statement .  (97)

	.  reduce 97


state 206
	catch_clause : catch OPEN_PAREN_CHR identifier identifier CLOSE_PAREN_CHR . compound_statement  (101)

	OPEN_BRACE_CHR  shift 21
	.  error

	open_brace  goto 22
	compound_statement  goto 208
	open_block  goto 24


state 207
	iteration_statement : forkw OPEN_PAREN_CHR expression_statement expression_statement expression close_paren statement .  (112)

	.  reduce 112


state 208
	catch_clause : catch OPEN_PAREN_CHR identifier identifier CLOSE_PAREN_CHR compound_statement .  (101)

	.  reduce 101


State 30 contains 1 shift/reduce conflict.
State 195 contains 1 shift/reduce conflict.


91 terminals, 72 nonterminals
133 grammar rules, 209 states
